"../../../../Unreal Projects/AAA/Content/AnimalVarietyPack/DeerStagAndDoe/Meshes/SK_DeerStag_Skeleton.uasset" 0
"../../../../Unreal Projects/AAA/Content/AnimalVarietyPack/DeerStagAndDoe/Animations/ANIM_DeerStag_GoToRest.uasset" 1
"../../../../Unreal Projects/AAA/Content/AnimalVarietyPack/DeerStagAndDoe/Animations/ANIM_DeerStag_GrazeOnce.uasset" 2
"../../../../Unreal Projects/AAA/Content/AnimalVarietyPack/DeerStagAndDoe/Animations/ANIM_DeerStag_IdleChew.uasset" 3
"../../../../Unreal Projects/AAA/Content/AnimalVarietyPack/DeerStagAndDoe/Animations/ANIM_DeerStag_IdleGraze.uasset" 4
"../../../../Unreal Projects/AAA/Content/AnimalVarietyPack/DeerStagAndDoe/Animations/ANIM_DeerStag_Rest.uasset" 5
"../../../../Unreal Projects/AAA/Content/AnimalVarietyPack/DeerStagAndDoe/Animations/ANIM_DeerStag_RestToGoBackUp.uasset" 6
"../../../../Unreal Projects/AAA/Content/AnimalVarietyPack/DeerStagAndDoe/Animations/ANIM_DeerStag_Sleep.uasset" 7
"../../../../Unreal Projects/AAA/Content/AnimalVarietyPack/DeerStagAndDoe/Animations/ANIM_DeerStag_SleepToGoBackUp.uasset" 8
"../../../../Unreal Projects/AAA/Content/AnimalVarietyPack/DeerStagAndDoe/Animations/ANIM_DeerStag_WalkGraze_RM.uasset" 9
"../../../../Unreal Projects/AAA/Content/AnimalVarietyPack/DeerStagAndDoe/Animations/ANIM_DeerStag_WalkTurnL.uasset" 10
"../../../../Unreal Projects/AAA/Content/AnimalVarietyPack/DeerStagAndDoe/Animations/ANIM_DeerStag_WalkTurnL_RM.uasset" 11
"../../../../Unreal Projects/AAA/Content/AnimalVarietyPack/DeerStagAndDoe/Animations/ANIM_DeerStag_WalkTurnR.uasset" 12
"../../../../Unreal Projects/AAA/Content/AnimalVarietyPack/DeerStagAndDoe/Animations/ANIM_DeerStag_WalkTurnR_RM.uasset" 13
"../../../../Unreal Projects/AAA/Content/AnimalVarietyPack/Fox/Meshes/SK_Fox_Skeleton.uasset" 14
"../../../../Unreal Projects/AAA/Content/AnimalVarietyPack/Fox/Animations/ANIM_Fox_GoToRest.uasset" 15
"../../../../Unreal Projects/AAA/Content/AnimalVarietyPack/Fox/Animations/ANIM_Fox_Resting.uasset" 16
"../../../../Unreal Projects/AAA/Content/AnimalVarietyPack/Fox/Animations/ANIM_Fox_RestToGoBackUp.uasset" 17
"../../../../Unreal Projects/AAA/Content/AnimalVarietyPack/Fox/Animations/ANIM_Fox_RunTurnL.uasset" 18
"../../../../Unreal Projects/AAA/Content/AnimalVarietyPack/Fox/Animations/ANIM_Fox_RunTurnL_RM.uasset" 19
"../../../../Unreal Projects/AAA/Content/AnimalVarietyPack/Fox/Animations/ANIM_Fox_RunTurnR.uasset" 20
"../../../../Unreal Projects/AAA/Content/AnimalVarietyPack/Fox/Animations/ANIM_Fox_RunTurnR_RM.uasset" 21
"../../../../Unreal Projects/AAA/Content/AnimalVarietyPack/Fox/Animations/ANIM_Fox_Sleeping.uasset" 22
"../../../../Unreal Projects/AAA/Content/AnimalVarietyPack/Fox/Animations/ANIM_Fox_WalkTurnL.uasset" 23
"../../../../Unreal Projects/AAA/Content/AnimalVarietyPack/Fox/Animations/ANIM_Fox_WalkTurnL_RM.uasset" 24
"../../../../Unreal Projects/AAA/Content/AnimalVarietyPack/Fox/Animations/ANIM_Fox_WalkTurnR.uasset" 25
"../../../../Unreal Projects/AAA/Content/AnimalVarietyPack/Fox/Animations/ANIM_Fox_WalkTurnR_RM.uasset" 26
"../../../../Unreal Projects/AAA/Content/AnimalVarietyPack/Pig/Meshes/SK_Pig_Skeleton.uasset" 27
"../../../../Unreal Projects/AAA/Content/AnimalVarietyPack/Pig/Animations/ANIM_Pig_GoBackUp.uasset" 28
"../../../../Unreal Projects/AAA/Content/AnimalVarietyPack/Pig/Animations/ANIM_Pig_GoToRest.uasset" 29
"../../../../Unreal Projects/AAA/Content/AnimalVarietyPack/Pig/Animations/ANIM_Pig_JumpAttack.uasset" 30
"../../../../Unreal Projects/AAA/Content/AnimalVarietyPack/Pig/Animations/ANIM_Pig_JumpAttack_RM.uasset" 31
"../../../../Unreal Projects/AAA/Content/AnimalVarietyPack/Pig/Animations/ANIM_Pig_Rest.uasset" 32
"../../../../Unreal Projects/AAA/Content/AnimalVarietyPack/Pig/Animations/ANIM_Pig_RunTurnL.uasset" 33
"../../../../Unreal Projects/AAA/Content/AnimalVarietyPack/Pig/Animations/ANIM_Pig_RunTurnL_RM.uasset" 34
"../../../../Unreal Projects/AAA/Content/AnimalVarietyPack/Pig/Animations/ANIM_Pig_RunTurnR.uasset" 35
"../../../../Unreal Projects/AAA/Content/AnimalVarietyPack/Pig/Animations/ANIM_Pig_RunTurnR_RM.uasset" 36
"../../../../Unreal Projects/AAA/Content/AnimalVarietyPack/Pig/Animations/ANIM_Pig_WalkTurnL.uasset" 37
"../../../../Unreal Projects/AAA/Content/AnimalVarietyPack/Pig/Animations/ANIM_Pig_WalkTurnL_RM.uasset" 38
"../../../../Unreal Projects/AAA/Content/AnimalVarietyPack/Pig/Animations/ANIM_Pig_WalkTurnR.uasset" 39
"../../../../Unreal Projects/AAA/Content/AnimalVarietyPack/Pig/Animations/ANIM_Pig_WalkTurnR_RM.uasset" 40
"../../../../Unreal Projects/AAA/Content/AnimalVarietyPack/Wolf/Meshes/SK_Wolf_Skeleton.uasset" 41
"../../../../Unreal Projects/AAA/Content/AnimalVarietyPack/Wolf/Animations/ANIM_Wolf_GoToRest.uasset" 42
"../../../../Unreal Projects/AAA/Content/AnimalVarietyPack/Wolf/Animations/ANIM_Wolf_Rest.uasset" 43
"../../../../Unreal Projects/AAA/Content/AnimalVarietyPack/Wolf/Animations/ANIM_Wolf_RestToGoBackUp.uasset" 44
"../../../../Unreal Projects/AAA/Content/AnimalVarietyPack/Wolf/Animations/ANIM_Wolf_RunTurnL.uasset" 45
"../../../../Unreal Projects/AAA/Content/AnimalVarietyPack/Wolf/Animations/ANIM_Wolf_RunTurnL_RM.uasset" 46
"../../../../Unreal Projects/AAA/Content/AnimalVarietyPack/Wolf/Animations/ANIM_Wolf_RunTurnR.uasset" 47
"../../../../Unreal Projects/AAA/Content/AnimalVarietyPack/Wolf/Animations/ANIM_Wolf_RunTurnR_RM.uasset" 48
"../../../../Unreal Projects/AAA/Content/AnimalVarietyPack/Wolf/Animations/ANIM_Wolf_Sleep.uasset" 49
"../../../../Unreal Projects/AAA/Content/AnimalVarietyPack/Wolf/Animations/ANIM_Wolf_WalkTurnL.uasset" 50
"../../../../Unreal Projects/AAA/Content/AnimalVarietyPack/Wolf/Animations/ANIM_Wolf_WalkTurnL_RM.uasset" 51
"../../../../Unreal Projects/AAA/Content/AnimalVarietyPack/Wolf/Animations/ANIM_Wolf_WalkTurnR.uasset" 52
"../../../../Unreal Projects/AAA/Content/AnimalVarietyPack/Wolf/Animations/ANIM_Wolf_WalkTurnR_RM.uasset" 53
"../../../../Unreal Projects/AAA/Content/cHAT/BP_ChatComponent.uasset" 54
"../../../../Unreal Projects/AAA/Content/cHAT/GSB.uasset" 55
"../../../../Unreal Projects/AAA/Content/cHAT/NewWidgetBlueprint.uasset" 56
"../../../Engine/Content/EngineMeshes/Humanoid.uasset" 57
"../../../../Unreal Projects/AAA/Content/Mannequin/Character/Mesh/UE4_Mannequin_Skeleton.uasset" 58
"../../../../Unreal Projects/AAA/Content/Mannequin/Animations/ThirdPersonJump_End.uasset" 59
"../../../../Unreal Projects/AAA/Content/NeuroTestMap/WorldMat.uasset" 60
"../../../../Unreal Projects/AAA/Content/NeuroTestMap/WorldMat_White.uasset" 61
"../../../../Unreal Projects/AAA/Content/ThirdPerson/NewBlueprint.uasset" 62
"../../../../Unreal Projects/AAA/Content/ThirdPerson/NewBlueprint1.uasset" 63
"../../../../Unreal Projects/AAA/Content/ThirdPersonBP/ThirdPersonOverview.uasset" 64
"../../../Engine/Content/Animation/DefaultAnimCurveCompressionSettings.uasset" 65
"../../../Engine/Content/Functions/Engine_MaterialFunctions01/Opacity/CameraDepthFade.uasset" 66
"../../../Engine/Content/EngineMaterials/T_Default_Material_Grid_M.uasset" 67
"../../../Engine/Content/EngineMaterials/T_Default_Material_Grid_N.uasset" 68
"../../../Engine/Content/EngineMaterials/WorldGridMaterial.uasset" 69
"../../../Engine/Content/ArtTools/RenderToTexture/Meshes/S_1_Unit_Plane.uasset" 70
"../../../Engine/Content/EngineMaterials/DefaultMaterial.uasset" 71
"../../../Engine/Content/BasicShapes/Cone.uasset" 72
"../../../Engine/Content/BasicShapes/Cube.uasset" 73
"../../../Engine/Content/BasicShapes/Plane.uasset" 74
"../../../Engine/Content/EditorLandscapeResources/DataLayer.uasset" 75
"../../../Engine/Content/EditorMaterials/MAT_Groups_Toggle.uasset" 76
"../../../Engine/Content/EditorMaterials/MAT_Groups_Visibility.uasset" 77
"../../../Engine/Content/EditorMaterials/PreviewShadowIndicator.uasset" 78
"../../../Engine/Content/EditorMaterials/PreviewShadowIndicatorMaterial.uasset" 79
"../../../Engine/Content/EditorMaterials/MatineeGroups/MAT_ColorTrack.uasset" 80
"../../../Engine/Content/EditorMaterials/MatineeGroups/MAT_Groups_Anim.uasset" 81
"../../../Engine/Content/EditorMaterials/MatineeGroups/MAT_Groups_AudioMaster.uasset" 82
"../../../Engine/Content/EditorMaterials/MatineeGroups/MAT_Groups_Director.uasset" 83
"../../../Engine/Content/EditorMaterials/MatineeGroups/MAT_Groups_Event.uasset" 84
"../../../Engine/Content/EditorMaterials/MatineeGroups/MAT_Groups_Fade.uasset" 85
"../../../Engine/Content/EditorMaterials/MatineeGroups/MAT_Groups_Float.uasset" 86
"../../../Engine/Content/EditorMaterials/MatineeGroups/MAT_Groups_Move.uasset" 87
"../../../Engine/Content/EditorMaterials/MatineeGroups/MAT_Groups_Slomo.uasset" 88
"../../../Engine/Content/EditorMaterials/MatineeGroups/MAT_Groups_Sound.uasset" 89
"../../../Engine/Content/EditorMaterials/MatineeGroups/MAT_Groups_Vector.uasset" 90
"../../../Engine/Content/EditorMaterials/ParticleSystems/PSysThumbnail_NoImage.uasset" 91
"../../../Engine/Content/EditorMaterials/ParticleSystems/PSysThumbnail_OOD.uasset" 92
"../../../Engine/Content/EditorMaterials/Camera/CineMat.uasset" 93
"../../../Engine/Content/EditorMaterials/Camera/MI_CineMat_Rig.uasset" 94
"../../../Engine/Content/EditorMeshes/Camera/SM_CraneRig_Arm.uasset" 95
"../../../Engine/Content/EditorMeshes/Camera/SM_CraneRig_Base.uasset" 96
"../../../Engine/Content/EditorMeshes/Camera/SM_CraneRig_Body.uasset" 97
"../../../Engine/Content/EditorMeshes/Camera/SM_CraneRig_Mount.uasset" 98
"../../../Engine/Content/EditorMeshes/Camera/SM_RailRig_Mount.uasset" 99
"../../../Engine/Content/EditorMeshes/Camera/SM_RailRig_Track.uasset" 100
"../../../Engine/Content/EditorResources/BSPVertex.uasset" 101
"../../../Engine/Content/EditorResources/EmptyActor.uasset" 102
"../../../Engine/Content/EditorResources/S_Actor.uasset" 103
"../../../Engine/Content/EditorResources/S_Note.uasset" 104
"../../../Engine/Content/EditorResources/S_Solver.uasset" 105
"../../../Engine/Content/EditorResources/S_Trigger.uasset" 106
"../../../Engine/Content/EditorResources/LightIcons/S_LightError.uasset" 107
"../../../Engine/Content/EditorResources/SequenceRecorder/Countdown.uasset" 108
"../../../Engine/Content/EditorResources/SequenceRecorder/RecordingIndicator.uasset" 109
"../../../Engine/Content/EditorSounds/Notifications/CompileFailed.uasset" 110
"../../../Engine/Content/EditorSounds/Notifications/CompileFailed_Cue.uasset" 111
"../../../Engine/Content/EditorSounds/Notifications/CompileSuccess.uasset" 112
"../../../Engine/Content/EditorSounds/Notifications/CompileStart_Cue.uasset" 113
"../../../Engine/Content/EditorSounds/Notifications/CompileSuccess_Cue.uasset" 114
"../../../Engine/Content/EngineDamageTypes/DmgTypeBP_Environmental.uasset" 115
"../../../Engine/Content/EngineDebugMaterials/DebugEditorMaterial.uasset" 116
"../../../Engine/Content/EngineDebugMaterials/DebugMeshMaterial.uasset" 117
"../../../Engine/Content/EngineDebugMaterials/M_SimpleTranslucent.uasset" 118
"../../../Engine/Content/Functions/Engine_MaterialFunctions02/Utility/CameraDirectionVector.uasset" 119
"../../../Engine/Content/EngineDebugMaterials/VolumeToRender.uasset" 120
"../../../Engine/Content/EngineDebugMaterials/M_VolumeRenderSphereTracePP.uasset" 121
"../../../Engine/Content/EngineDebugMaterials/WireframeMaterial.uasset" 122
"../../../Engine/Content/EngineFonts/Faces/DroidSansFallback.uasset" 123
"../../../Engine/Content/EngineFonts/Faces/RobotoBold.uasset" 124
"../../../Engine/Content/EngineFonts/Faces/RobotoBoldItalic.uasset" 125
"../../../Engine/Content/EngineFonts/Faces/RobotoItalic.uasset" 126
"../../../Engine/Content/EngineFonts/Faces/RobotoLight.uasset" 127
"../../../Engine/Content/EngineFonts/Faces/RobotoRegular.uasset" 128
"../../../Engine/Content/EngineFonts/Roboto.uasset" 129
"../../../Engine/Content/EngineMaterials/BaseFlattenDiffuseMap.uasset" 130
"../../../Engine/Content/EngineMaterials/BaseFlattenEmissiveMap.uasset" 131
"../../../Engine/Content/EngineMaterials/BaseFlattenGrayscaleMap.uasset" 132
"../../../Engine/Content/EngineMaterials/BaseFlattenNormalMap.uasset" 133
"../../../Engine/Content/EngineMaterials/BaseFlattenMaterial.uasset" 134
"../../../Engine/Content/EngineMaterials/BlueNoise.uasset" 135
"../../../Engine/Content/EngineMaterials/DefaultBloomKernel.uasset" 136
"../../../Engine/Content/EngineMaterials/DefaultBokeh.uasset" 137
"../../../Engine/Content/EngineMaterials/DefaultDiffuse.uasset" 138
"../../../Engine/Content/EngineMaterials/DefaultDeferredDecalMaterial.uasset" 139
"../../../Engine/Content/EngineMaterials/DefaultLightFunctionMaterial.uasset" 140
"../../../Engine/Content/EngineMaterials/DefaultPhysicalMaterial.uasset" 141
"../../../Engine/Content/Functions/Engine_MaterialFunctions02/Utility/BreakOutFloat2Components.uasset" 142
"../../../Engine/Content/EngineMaterials/DefaultPostProcessMaterial.uasset" 143
"../../../Engine/Content/EngineFonts/RobotoDistanceField.uasset" 144
"../../../Engine/Content/EngineMaterials/DefaultTextMaterialOpaque.uasset" 145
"../../../Engine/Content/EngineMaterials/DefaultVirtualTextureMaterial.uasset" 146
"../../../Engine/Content/EngineMaterials/DefaultWhiteGrid.uasset" 147
"../../../Engine/Content/EngineMaterials/DefaultWhiteGrid_Low.uasset" 148
"../../../Engine/Content/EngineMaterials/EmissiveMeshMaterial.uasset" 149
"../../../Engine/Content/EngineMaterials/GizmoMaterial.uasset" 150
"../../../Engine/Content/EngineMaterials/HairDefaultMaterial.uasset" 151
"../../../Engine/Content/EngineMaterials/MiniFont.uasset" 152
"../../../Engine/Content/EngineMaterials/InvalidLightmapSettings.uasset" 153
"../../../Engine/Content/EngineMaterials/M_InvalidLightmapSettings.uasset" 154
"../../../Engine/Content/Functions/Engine_MaterialFunctions02/WorldPositionOffset/CameraOffset.uasset" 155
"../../../Engine/Content/EngineMaterials/PhAT_JointLimitMaterial.uasset" 156
"../../../Engine/Content/EngineMaterials/PreintegratedSkinBRDF.uasset" 157
"../../../Engine/Content/EngineMaterials/RemoveSurfaceMaterial.uasset" 158
"../../../Engine/Content/EngineMaterials/WeightMapPlaceholderTexture.uasset" 159
"../../../Engine/Content/EngineResources/WhiteSquareTexture.uasset" 160
"../../../Engine/Content/EngineMaterials/Widget3DPassThrough.uasset" 161
"../../../Engine/Content/EngineMaterials/Widget3DPassThrough_Masked.uasset" 162
"../../../Engine/Content/EngineMaterials/Widget3DPassThrough_Opaque.uasset" 163
"../../../Engine/Content/EngineMaterials/Widget3DPassThrough_Masked_OneSided.uasset" 164
"../../../Engine/Content/EngineMaterials/Widget3DPassThrough_Opaque_OneSided.uasset" 165
"../../../Engine/Content/EngineMaterials/Widget3DPassThrough_Translucent.uasset" 166
"../../../Engine/Content/EngineMaterials/Widget3DPassThrough_Translucent_OneSided.uasset" 167
"../../../Engine/Content/EngineMeshes/Cylinder.uasset" 168
"../../../Engine/Content/EngineMeshes/Sphere.uasset" 169
"../../../Engine/Content/EngineResources/Black.uasset" 170
"../../../Engine/Content/EngineResources/DefaultTexture.uasset" 171
"../../../Engine/Content/EngineResources/DefaultTextureCube.uasset" 172
"../../../Engine/Content/EngineResources/DefaultVolumeTexture2D.uasset" 173
"../../../Engine/Content/EngineResources/DefaultVolumeTexture.uasset" 174
"../../../Engine/Content/EngineResources/GradientTexture0.uasset" 175
"../../../Engine/Content/EngineSounds/Master.uasset" 176
"../../../Engine/Content/Functions/Engine_MaterialFunctions01/Shading/ConvertFromDiffSpec.uasset" 177
"../../../Engine/Content/Functions/Engine_MaterialFunctions01/Shading/PowerToRoughness.uasset" 178
"../../../Engine/Content/Maps/Templates/Thumbnails/Default.uasset" 179
"../../../Engine/Content/Maps/Templates/Thumbnails/TimeOfDay.uasset" 180
"../../../Engine/Content/Maps/Templates/Thumbnails/VR-Basic.uasset" 181
"../../../Engine/Content/MobileResources/T_MobileControls_texture.uasset" 182
"../../../Engine/Content/MobileResources/T_MobileMenu2.uasset" 183
"../../../Engine/Content/MobileResources/HUD/AnalogHat.uasset" 184
"../../../Engine/Content/MobileResources/HUD/VirtualJoystick_Background.uasset" 185
"../../../Engine/Content/MobileResources/HUD/VirtualJoystick_Thumb.uasset" 186
"../../../Engine/Content/MobileResources/HUD/DefaultVirtualJoysticks.uasset" 187
"../../../Engine/Content/MobileResources/HUD/LeftVirtualJoystickOnly.uasset" 188
"../../../Engine/Content/MobileResources/HUD/MobileHUDButton1_off.uasset" 189
"../../../Engine/Content/MobileResources/HUD/MobileHUDButton1_on.uasset" 190
"../../../Engine/Content/MobileResources/HUD/MobileHUDButton2_off.uasset" 191
"../../../Engine/Content/MobileResources/HUD/MobileHUDButton2_on.uasset" 192
"../../../Engine/Content/MobileResources/HUD/MobileHUDButton3.uasset" 193
"../../../Engine/Content/MobileResources/HUD/MobileHUDButtonFire.uasset" 194
"../../../Engine/Content/MobileResources/HUD/MobileHUDDirectionPad.uasset" 195
"../../../Engine/Content/MobileResources/HUD/MobileHUDDirectionPad2.uasset" 196
"../../../Engine/Content/MobileResources/HUD/MobileHUDDirectionPad3.uasset" 197
"../../../Engine/Content/MobileResources/HUD/MobileHUDDirectionStick.uasset" 198
"../../../Engine/Content/MobileResources/HUD/T_Castle_ThumbstickInner.uasset" 199
"../../../Engine/Content/MobileResources/HUD/T_Castle_ThumbstickOutter.uasset" 200
"../../../Engine/Content/Tutorial/ContentIntroCurve.uasset" 201
"../../../Engine/Content/Tutorial/Basics/LevelEditorAttract.uasset" 202
"../../../Engine/Content/Tutorial/Installation/InstallingVisualStudioTutorial.uasset" 203
"../../../Engine/Content/VREditor/LaserPointer/VR_LaserPower_01.uasset" 204
"../../../Engine/Content/VREditor/TransformGizmo/TransformGizmoMaterial.uasset" 205
"../../../Engine/Content/VREditor/TransformGizmo/TranslucentTransformGizmoMaterial.uasset" 206
"../../../Engine/Content/VREditor/TransformGizmo/BoundingBoxCorner.uasset" 207
"../../../Engine/Content/VREditor/TransformGizmo/BoundingBoxEdge.uasset" 208
"../../../Engine/Content/VREditor/TransformGizmo/PlaneTranslationHandle.uasset" 209
"../../../Engine/Content/VREditor/TransformGizmo/Main.uasset" 210
"../../../Engine/Content/VREditor/TransformGizmo/Xray.uasset" 211
"../../../Engine/Content/VREditor/TransformGizmo/SM_Sequencer_Key.uasset" 212
"../../../Engine/Content/VREditor/TransformGizmo/SM_Sequencer_Node.uasset" 213
"../../Plugins/2D/Paper2D/Content/PlaceholderTextures/DummySpriteTexture.uasset" 214
"../../Plugins/2D/Paper2D/Content/DummySprite.uasset" 215
"../../Plugins/2D/Paper2D/Content/DefaultPaperTerrainMaterial.uasset" 216
"../../Plugins/2D/Paper2D/Content/DummySpriteTexture.uasset" 217
"../../Plugins/2D/Paper2D/Content/DefaultSpriteMaterial.uasset" 218
"../../Plugins/2D/Paper2D/Content/MaskedUnlitSpriteMaterial.uasset" 219
"../../Plugins/2D/Paper2D/Content/OpaqueUnlitSpriteMaterial.uasset" 220
"../../../Engine/Content/Functions/Engine_MaterialFunctions02/Utility/BreakOutFloat4Components.uasset" 221
"../../../Engine/Content/Functions/Engine_MaterialFunctions02/Utility/MakeFloat2.uasset" 222
"../../../Engine/Content/Functions/Engine_MaterialFunctions02/Utility/MakeFloat3.uasset" 223
"../../Plugins/Runtime/Oculus/OculusVR/Content/Materials/OculusMR_ChromaKey.uasset" 224
"../../Plugins/Runtime/Oculus/OculusVR/Content/Materials/OculusMR_ChromaKey_Lit.uasset" 225
"../../Plugins/Runtime/Oculus/OculusVR/Content/Materials/OculusMR_OpaqueColoredMaterial.uasset" 226
"../../Plugins/Runtime/Oculus/OculusVR/Content/Materials/OculusMR_WhiteMaterial.uasset" 227
"../../../../Unreal Projects/AAA/Content/AnimalVarietyPack/Crow/Meshes/SK_Crow_Skeleton.uasset" 228
"../../../../Unreal Projects/AAA/Content/AnimalVarietyPack/Crow/Animations/ANIM_Crow_DeathGrounded.uasset" 229
"../../../../Unreal Projects/AAA/Content/AnimalVarietyPack/Crow/Animations/ANIM_Crow_DeathHitTheGround.uasset" 230
"../../../../Unreal Projects/AAA/Content/AnimalVarietyPack/Crow/Animations/ANIM_Crow_EatSomething.uasset" 231
"../../../../Unreal Projects/AAA/Content/AnimalVarietyPack/Crow/Animations/ANIM_Crow_Falling.uasset" 232
"../../../../Unreal Projects/AAA/Content/AnimalVarietyPack/Crow/Animations/ANIM_Crow_Fly.uasset" 233
"../../../../Unreal Projects/AAA/Content/AnimalVarietyPack/Crow/Animations/ANIM_Crow_FlyingAttack.uasset" 234
"../../../../Unreal Projects/AAA/Content/AnimalVarietyPack/Crow/Animations/ANIM_Crow_Glide.uasset" 235
"../../../../Unreal Projects/AAA/Content/AnimalVarietyPack/Crow/Animations/ANIM_Crow_Hop.uasset" 236
"../../../../Unreal Projects/AAA/Content/AnimalVarietyPack/Crow/Animations/ANIM_Crow_Hop_RM.uasset" 237
"../../../../Unreal Projects/AAA/Content/AnimalVarietyPack/Crow/Animations/ANIM_Crow_IdleLookAround.uasset" 238
"../../../../Unreal Projects/AAA/Content/AnimalVarietyPack/Crow/Animations/ANIM_Crow_IdleScratchWing.uasset" 239
"../../../../Unreal Projects/AAA/Content/AnimalVarietyPack/Crow/Animations/ANIM_Crow_IdleStretchWings.uasset" 240
"../../../../Unreal Projects/AAA/Content/AnimalVarietyPack/Crow/Animations/ANIM_Crow_InAirDeathGoToFall.uasset" 241
"../../../../Unreal Projects/AAA/Content/AnimalVarietyPack/Crow/Animations/ANIM_Crow_Landing.uasset" 242
"../../../../Unreal Projects/AAA/Content/AnimalVarietyPack/Crow/Animations/ANIM_Crow_TakeOff.uasset" 243
"../../../../Unreal Projects/AAA/Content/AnimalVarietyPack/Crow/Animations/ANIM_Crow_Walk.uasset" 244
"../../../../Unreal Projects/AAA/Content/AnimalVarietyPack/Crow/Animations/ANIM_Crow_Walk_RM.uasset" 245
"../../../Engine/Content/EditorBlueprintResources/StandardMacros.uasset" 246
"../../../Engine/Content/EngineSky/C_Sky_Cloud_Color.uasset" 247
"../../../Engine/Content/EngineSky/C_Sky_Horizon_Color.uasset" 248
"../../../Engine/Content/EngineSky/C_Sky_Zenith_Color.uasset" 249
"../../../Engine/Content/EngineSky/T_Sky_Blue.uasset" 250
"../../../Engine/Content/EngineSky/T_Sky_Clouds_M.uasset" 251
"../../../Engine/Content/EngineSky/T_Sky_Stars.uasset" 252
"../../../Engine/Content/EngineSky/M_Sky_Panning_Clouds2.uasset" 253
"../../../Engine/Content/EngineSky/SM_SkySphere.uasset" 254
"../../../Engine/Content/EngineSky/BP_Sky_Sphere.uasset" 255
"../../../../Unreal Projects/AAA/Content/AnimalVarietyPack/Crow/Maps/Overview_BuiltData.uasset" 256
"../../../Engine/Content/MapTemplates/SM_Template_Map_Floor.uasset" 257
"../../../../Unreal Projects/AAA/Content/AnimalVarietyPack/Crow/Textures/T_Crow_BaseColor.uasset" 258
"../../../../Unreal Projects/AAA/Content/AnimalVarietyPack/Crow/Textures/T_Crow_Nml.uasset" 259
"../../../../Unreal Projects/AAA/Content/AnimalVarietyPack/Crow/Textures/T_Crow_OcclusionRoughnessMetallic.uasset" 260
"../../../../Unreal Projects/AAA/Content/AnimalVarietyPack/Crow/Textures/T_Crow_Specular.uasset" 261
"../../../../Unreal Projects/AAA/Content/AnimalVarietyPack/Crow/Materials/M_Crow.uasset" 262
"../../../../Unreal Projects/AAA/Content/AnimalVarietyPack/Crow/Meshes/SK_Crow_PhysicsAsset.uasset" 263
"../../../../Unreal Projects/AAA/Content/AnimalVarietyPack/Crow/Meshes/SK_Crow.uasset" 264
"../../../../Unreal Projects/AAA/Content/AnimalVarietyPack/Crow/Maps/Overview.umap" 265
"../../../../Unreal Projects/AAA/Content/AnimalVarietyPack/DeerStagAndDoe/Meshes/SK_DeerDoe_Skeleton.uasset" 266
"../../../../Unreal Projects/AAA/Content/AnimalVarietyPack/DeerStagAndDoe/Animations/ANIM_DeerDoe_Death.uasset" 267
"../../../../Unreal Projects/AAA/Content/AnimalVarietyPack/DeerStagAndDoe/Animations/ANIM_DeerDoe_GetHit.uasset" 268
"../../../../Unreal Projects/AAA/Content/AnimalVarietyPack/DeerStagAndDoe/Animations/ANIM_DeerDoe_GoToRest.uasset" 269
"../../../../Unreal Projects/AAA/Content/AnimalVarietyPack/DeerStagAndDoe/Animations/ANIM_DeerDoe_GrazeOnce.uasset" 270
"../../../../Unreal Projects/AAA/Content/AnimalVarietyPack/DeerStagAndDoe/Animations/ANIM_DeerDoe_IdleBreathe.uasset" 271
"../../../../Unreal Projects/AAA/Content/AnimalVarietyPack/DeerStagAndDoe/Animations/ANIM_DeerDoe_IdleChew.uasset" 272
"../../../../Unreal Projects/AAA/Content/AnimalVarietyPack/DeerStagAndDoe/Animations/ANIM_DeerDoe_IdleGraze.uasset" 273
"../../../../Unreal Projects/AAA/Content/AnimalVarietyPack/DeerStagAndDoe/Animations/ANIM_DeerDoe_IdleLookAround.uasset" 274
"../../../../Unreal Projects/AAA/Content/AnimalVarietyPack/DeerStagAndDoe/Animations/ANIM_DeerDoe_IdleRest.uasset" 275
"../../../../Unreal Projects/AAA/Content/AnimalVarietyPack/DeerStagAndDoe/Animations/ANIM_DeerDoe_IdleSleep.uasset" 276
"../../../../Unreal Projects/AAA/Content/AnimalVarietyPack/DeerStagAndDoe/Animations/ANIM_DeerDoe_RestToGoBackUp.uasset" 277
"../../../../Unreal Projects/AAA/Content/AnimalVarietyPack/DeerStagAndDoe/Animations/ANIM_DeerDoe_Run.uasset" 278
"../../../../Unreal Projects/AAA/Content/AnimalVarietyPack/DeerStagAndDoe/Animations/ANIM_DeerDoe_Run_RM.uasset" 279
"../../../../Unreal Projects/AAA/Content/AnimalVarietyPack/DeerStagAndDoe/Animations/ANIM_DeerDoe_SleepToGoBackUp.uasset" 280
"../../../../Unreal Projects/AAA/Content/AnimalVarietyPack/DeerStagAndDoe/Animations/ANIM_DeerDoe_Walk.uasset" 281
"../../../../Unreal Projects/AAA/Content/AnimalVarietyPack/DeerStagAndDoe/Animations/ANIM_DeerDoe_Walk_RM.uasset" 282
"../../../../Unreal Projects/AAA/Content/AnimalVarietyPack/DeerStagAndDoe/Animations/ANIM_DeerDoe_WalkGraze.uasset" 283
"../../../../Unreal Projects/AAA/Content/AnimalVarietyPack/DeerStagAndDoe/Animations/ANIM_DeerDoe_WalkGraze_RM.uasset" 284
"../../../../Unreal Projects/AAA/Content/AnimalVarietyPack/DeerStagAndDoe/Animations/ANIM_DeerDoe_WalkTurnL.uasset" 285
"../../../../Unreal Projects/AAA/Content/AnimalVarietyPack/DeerStagAndDoe/Animations/ANIM_DeerDoe_WalkTurnL_RM.uasset" 286
"../../../../Unreal Projects/AAA/Content/AnimalVarietyPack/DeerStagAndDoe/Animations/ANIM_DeerDoe_WalkTurnR.uasset" 287
"../../../../Unreal Projects/AAA/Content/AnimalVarietyPack/DeerStagAndDoe/Animations/ANIM_DeerDoe_WalkTurnR_RM.uasset" 288
"../../../../Unreal Projects/AAA/Content/AnimalVarietyPack/DeerStagAndDoe/Animations/ANIM_DeerStag_AntlersAttack.uasset" 289
"../../../../Unreal Projects/AAA/Content/AnimalVarietyPack/DeerStagAndDoe/Animations/ANIM_DeerStag_AntlersComboAttack.uasset" 290
"../../../../Unreal Projects/AAA/Content/AnimalVarietyPack/DeerStagAndDoe/Animations/ANIM_DeerStag_AntlersComboAttack_RM.uasset" 291
"../../../../Unreal Projects/AAA/Content/AnimalVarietyPack/DeerStagAndDoe/Animations/ANIM_DeerStag_Death.uasset" 292
"../../../../Unreal Projects/AAA/Content/AnimalVarietyPack/DeerStagAndDoe/Animations/ANIM_DeerStag_GetHit.uasset" 293
"../../../../Unreal Projects/AAA/Content/AnimalVarietyPack/DeerStagAndDoe/Animations/ANIM_DeerStag_IdleBreathe.uasset" 294
"../../../../Unreal Projects/AAA/Content/AnimalVarietyPack/DeerStagAndDoe/Animations/ANIM_DeerStag_IdleLookAround.uasset" 295
"../../../../Unreal Projects/AAA/Content/AnimalVarietyPack/DeerStagAndDoe/Animations/ANIM_DeerStag_Run.uasset" 296
"../../../../Unreal Projects/AAA/Content/AnimalVarietyPack/DeerStagAndDoe/Animations/ANIM_DeerStag_Run_RM.uasset" 297
"../../../../Unreal Projects/AAA/Content/AnimalVarietyPack/DeerStagAndDoe/Animations/ANIM_DeerStag_Walk.uasset" 298
"../../../../Unreal Projects/AAA/Content/AnimalVarietyPack/DeerStagAndDoe/Animations/ANIM_DeerStag_Walk_RM.uasset" 299
"../../../../Unreal Projects/AAA/Content/AnimalVarietyPack/DeerStagAndDoe/Maps/Overview_BuiltData.uasset" 300
"../../../../Unreal Projects/AAA/Content/AnimalVarietyPack/DeerStagAndDoe/Textures/T_DeeDoe_BaseColor.uasset" 301
"../../../../Unreal Projects/AAA/Content/AnimalVarietyPack/DeerStagAndDoe/Textures/T_DeeDoe_Nml.uasset" 302
"../../../../Unreal Projects/AAA/Content/AnimalVarietyPack/DeerStagAndDoe/Textures/T_DeerDoe_OcclusionRoughnessMetallic.uasset" 303
"../../../../Unreal Projects/AAA/Content/AnimalVarietyPack/DeerStagAndDoe/Textures/T_Stag_Specular.uasset" 304
"../../../../Unreal Projects/AAA/Content/AnimalVarietyPack/DeerStagAndDoe/Materials/M_DeerDoe.uasset" 305
"../../../../Unreal Projects/AAA/Content/AnimalVarietyPack/DeerStagAndDoe/Materials/M_DeerDoeFur.uasset" 306
"../../../../Unreal Projects/AAA/Content/AnimalVarietyPack/DeerStagAndDoe/Meshes/SK_DeerDoe_PhysicsAsset.uasset" 307
"../../../../Unreal Projects/AAA/Content/AnimalVarietyPack/DeerStagAndDoe/Meshes/SK_DeerDoe.uasset" 308
"../../../../Unreal Projects/AAA/Content/AnimalVarietyPack/DeerStagAndDoe/Textures/T_Stag_BaseColor.uasset" 309
"../../../../Unreal Projects/AAA/Content/AnimalVarietyPack/DeerStagAndDoe/Textures/T_Stag_Nml.uasset" 310
"../../../../Unreal Projects/AAA/Content/AnimalVarietyPack/DeerStagAndDoe/Textures/T_Stag_OcclusionRoughnessMetllic.uasset" 311
"../../../../Unreal Projects/AAA/Content/AnimalVarietyPack/DeerStagAndDoe/Materials/M_DeerStag.uasset" 312
"../../../../Unreal Projects/AAA/Content/AnimalVarietyPack/DeerStagAndDoe/Materials/M_DeerStagFur.uasset" 313
"../../../../Unreal Projects/AAA/Content/AnimalVarietyPack/DeerStagAndDoe/Meshes/SK_DeerStag_PhysicsAsset.uasset" 314
"../../../../Unreal Projects/AAA/Content/AnimalVarietyPack/DeerStagAndDoe/Meshes/SK_DeerStag.uasset" 315
"../../../../Unreal Projects/AAA/Content/AnimalVarietyPack/DeerStagAndDoe/Maps/Overview.umap" 316
"../../../../Unreal Projects/AAA/Content/AnimalVarietyPack/Fox/Animations/ANIM_Fox_Bite.uasset" 317
"../../../../Unreal Projects/AAA/Content/AnimalVarietyPack/Fox/Animations/ANIM_Fox_Death.uasset" 318
"../../../../Unreal Projects/AAA/Content/AnimalVarietyPack/Fox/Animations/ANIM_Fox_GetHitFront.uasset" 319
"../../../../Unreal Projects/AAA/Content/AnimalVarietyPack/Fox/Animations/ANIM_Fox_GetHitLeft.uasset" 320
"../../../../Unreal Projects/AAA/Content/AnimalVarietyPack/Fox/Animations/ANIM_Fox_GetHitRight.uasset" 321
"../../../../Unreal Projects/AAA/Content/AnimalVarietyPack/Fox/Animations/ANIM_Fox_IdleAggressive.uasset" 322
"../../../../Unreal Projects/AAA/Content/AnimalVarietyPack/Fox/Animations/ANIM_Fox_IdleBreathe.uasset" 323
"../../../../Unreal Projects/AAA/Content/AnimalVarietyPack/Fox/Animations/ANIM_Fox_IdleLookAround.uasset" 324
"../../../../Unreal Projects/AAA/Content/AnimalVarietyPack/Fox/Animations/ANIM_Fox_JumpBite.uasset" 325
"../../../../Unreal Projects/AAA/Content/AnimalVarietyPack/Fox/Animations/ANIM_Fox_JumpBite_RM.uasset" 326
"../../../../Unreal Projects/AAA/Content/AnimalVarietyPack/Fox/Animations/ANIM_Fox_Run.uasset" 327
"../../../../Unreal Projects/AAA/Content/AnimalVarietyPack/Fox/Animations/ANIM_Fox_Run_RM.uasset" 328
"../../../../Unreal Projects/AAA/Content/AnimalVarietyPack/Fox/Animations/ANIM_Fox_RunBite.uasset" 329
"../../../../Unreal Projects/AAA/Content/AnimalVarietyPack/Fox/Animations/ANIM_Fox_RunBite_RM.uasset" 330
"../../../../Unreal Projects/AAA/Content/AnimalVarietyPack/Fox/Animations/ANIM_Fox_Walk.uasset" 331
"../../../../Unreal Projects/AAA/Content/AnimalVarietyPack/Fox/Animations/ANIM_Fox_Walk_RM.uasset" 332
"../../../../Unreal Projects/AAA/Content/AnimalVarietyPack/Fox/Maps/Overview_BuiltData.uasset" 333
"../../../../Unreal Projects/AAA/Content/AnimalVarietyPack/Fox/Textures/T_Fox_BaseColor.uasset" 334
"../../../../Unreal Projects/AAA/Content/AnimalVarietyPack/Fox/Textures/T_Fox_Nml.uasset" 335
"../../../../Unreal Projects/AAA/Content/AnimalVarietyPack/Fox/Textures/T_Fox_OcclusionRoughnessMetallic.uasset" 336
"../../../../Unreal Projects/AAA/Content/AnimalVarietyPack/Fox/Textures/T_Fox_Specular.uasset" 337
"../../../../Unreal Projects/AAA/Content/AnimalVarietyPack/Fox/Materials/M_Fox.uasset" 338
"../../../../Unreal Projects/AAA/Content/AnimalVarietyPack/Fox/Materials/M_FoxFur.uasset" 339
"../../../../Unreal Projects/AAA/Content/AnimalVarietyPack/Fox/Meshes/SK_Fox_PhysicsAsset.uasset" 340
"../../../../Unreal Projects/AAA/Content/AnimalVarietyPack/Fox/Meshes/SK_Fox.uasset" 341
"../../../../Unreal Projects/AAA/Content/AnimalVarietyPack/Fox/Maps/Overview.umap" 342
"../../../../Unreal Projects/AAA/Content/AnimalVarietyPack/Pig/Animations/ANIM_Pig_attack.uasset" 343
"../../../../Unreal Projects/AAA/Content/AnimalVarietyPack/Pig/Animations/ANIM_Pig_Chew.uasset" 344
"../../../../Unreal Projects/AAA/Content/AnimalVarietyPack/Pig/Animations/ANIM_Pig_ComboAttackForward.uasset" 345
"../../../../Unreal Projects/AAA/Content/AnimalVarietyPack/Pig/Animations/ANIM_Pig_ComboAttackForward_RM.uasset" 346
"../../../../Unreal Projects/AAA/Content/AnimalVarietyPack/Pig/Animations/ANIM_Pig_Death.uasset" 347
"../../../../Unreal Projects/AAA/Content/AnimalVarietyPack/Pig/Animations/ANIM_Pig_GetHit.uasset" 348
"../../../../Unreal Projects/AAA/Content/AnimalVarietyPack/Pig/Animations/ANIM_Pig_IdleBreathe.uasset" 349
"../../../../Unreal Projects/AAA/Content/AnimalVarietyPack/Pig/Animations/ANIM_Pig_IdleLookAround.uasset" 350
"../../../../Unreal Projects/AAA/Content/AnimalVarietyPack/Pig/Animations/ANIM_Pig_Run.uasset" 351
"../../../../Unreal Projects/AAA/Content/AnimalVarietyPack/Pig/Animations/ANIM_Pig_Run_RM.uasset" 352
"../../../../Unreal Projects/AAA/Content/AnimalVarietyPack/Pig/Animations/ANIM_Pig_SniffleforFood.uasset" 353
"../../../../Unreal Projects/AAA/Content/AnimalVarietyPack/Pig/Animations/ANIM_Pig_Walk.uasset" 354
"../../../../Unreal Projects/AAA/Content/AnimalVarietyPack/Pig/Animations/ANIM_Pig_Walk_RM.uasset" 355
"../../../../Unreal Projects/AAA/Content/AnimalVarietyPack/Pig/Maps/Overview_BuiltData.uasset" 356
"../../../../Unreal Projects/AAA/Content/AnimalVarietyPack/Pig/Textures/T_Pig_Specular.uasset" 357
"../../../../Unreal Projects/AAA/Content/AnimalVarietyPack/Pig/Textures/T_PigDirty_BaseColor.uasset" 358
"../../../../Unreal Projects/AAA/Content/AnimalVarietyPack/Pig/Textures/T_PigDirty_Nml.uasset" 359
"../../../../Unreal Projects/AAA/Content/AnimalVarietyPack/Pig/Textures/T_PigDirty_OcclusionRoughnessMetallic.uasset" 360
"../../../../Unreal Projects/AAA/Content/AnimalVarietyPack/Pig/Materials/M_PigDirty.uasset" 361
"../../../../Unreal Projects/AAA/Content/AnimalVarietyPack/Pig/Materials/M_PigHairDirty.uasset" 362
"../../../../Unreal Projects/AAA/Content/AnimalVarietyPack/Pig/Textures/T_Pig_BaseColor.uasset" 363
"../../../../Unreal Projects/AAA/Content/AnimalVarietyPack/Pig/Textures/T_Pig_Nml.uasset" 364
"../../../../Unreal Projects/AAA/Content/AnimalVarietyPack/Pig/Textures/T_Pig_OcclusionRoughnessMetallic.uasset" 365
"../../../../Unreal Projects/AAA/Content/AnimalVarietyPack/Pig/Materials/M_Pig.uasset" 366
"../../../../Unreal Projects/AAA/Content/AnimalVarietyPack/Pig/Materials/M_PigHair.uasset" 367
"../../../../Unreal Projects/AAA/Content/AnimalVarietyPack/Pig/Meshes/SK_Pig_PhysicsAsset.uasset" 368
"../../../../Unreal Projects/AAA/Content/AnimalVarietyPack/Pig/Meshes/SK_Pig.uasset" 369
"../../../../Unreal Projects/AAA/Content/AnimalVarietyPack/Pig/Maps/Overview.umap" 370
"../../../../Unreal Projects/AAA/Content/AnimalVarietyPack/Wolf/Animations/ANIM_Wolf_Bite.uasset" 371
"../../../../Unreal Projects/AAA/Content/AnimalVarietyPack/Wolf/Animations/ANIM_Wolf_Death.uasset" 372
"../../../../Unreal Projects/AAA/Content/AnimalVarietyPack/Wolf/Animations/ANIM_Wolf_GetHitFront.uasset" 373
"../../../../Unreal Projects/AAA/Content/AnimalVarietyPack/Wolf/Animations/ANIM_Wolf_GetHitLeft.uasset" 374
"../../../../Unreal Projects/AAA/Content/AnimalVarietyPack/Wolf/Animations/ANIM_Wolf_GetHitRight.uasset" 375
"../../../../Unreal Projects/AAA/Content/AnimalVarietyPack/Wolf/Animations/ANIM_Wolf_Howl.uasset" 376
"../../../../Unreal Projects/AAA/Content/AnimalVarietyPack/Wolf/Animations/ANIM_Wolf_IdleAggressive.uasset" 377
"../../../../Unreal Projects/AAA/Content/AnimalVarietyPack/Wolf/Animations/ANIM_Wolf_IdleBreathe.uasset" 378
"../../../../Unreal Projects/AAA/Content/AnimalVarietyPack/Wolf/Animations/ANIM_Wolf_IdleLookAround.uasset" 379
"../../../../Unreal Projects/AAA/Content/AnimalVarietyPack/Wolf/Animations/ANIM_Wolf_JumpBite.uasset" 380
"../../../../Unreal Projects/AAA/Content/AnimalVarietyPack/Wolf/Animations/ANIM_Wolf_JumpBite_RM.uasset" 381
"../../../../Unreal Projects/AAA/Content/AnimalVarietyPack/Wolf/Animations/ANIM_Wolf_Run.uasset" 382
"../../../../Unreal Projects/AAA/Content/AnimalVarietyPack/Wolf/Animations/ANIM_Wolf_Run_RM.uasset" 383
"../../../../Unreal Projects/AAA/Content/AnimalVarietyPack/Wolf/Animations/ANIM_Wolf_RunBite.uasset" 384
"../../../../Unreal Projects/AAA/Content/AnimalVarietyPack/Wolf/Animations/ANIM_Wolf_RunBite_RM.uasset" 385
"../../../../Unreal Projects/AAA/Content/AnimalVarietyPack/Wolf/Animations/ANIM_Wolf_Walk.uasset" 386
"../../../../Unreal Projects/AAA/Content/AnimalVarietyPack/Wolf/Animations/ANIM_Wolf_Walk_RM.uasset" 387
"../../../../Unreal Projects/AAA/Content/AnimalVarietyPack/Wolf/Maps/Overview_BuiltData.uasset" 388
"../../../../Unreal Projects/AAA/Content/AnimalVarietyPack/Wolf/Textures/T_Wolf_Nml.uasset" 389
"../../../../Unreal Projects/AAA/Content/AnimalVarietyPack/Wolf/Textures/T_Wolf_OcclusionRoughnessMetallic.uasset" 390
"../../../../Unreal Projects/AAA/Content/AnimalVarietyPack/Wolf/Textures/T_Wolf_Specular.uasset" 391
"../../../../Unreal Projects/AAA/Content/AnimalVarietyPack/Wolf/Textures/T_WolfArctic_BaseColorAlpha.uasset" 392
"../../../../Unreal Projects/AAA/Content/AnimalVarietyPack/Wolf/Materials/M_WolfArctic.uasset" 393
"../../../../Unreal Projects/AAA/Content/AnimalVarietyPack/Wolf/Textures/T_WolfDark_BaseColorAlpha.uasset" 394
"../../../../Unreal Projects/AAA/Content/AnimalVarietyPack/Wolf/Textures/T_WolfDark_Illum.uasset" 395
"../../../../Unreal Projects/AAA/Content/AnimalVarietyPack/Wolf/Materials/M_WolfDark.uasset" 396
"../../../../Unreal Projects/AAA/Content/AnimalVarietyPack/Wolf/Materials/M_WolfFurArctic.uasset" 397
"../../../../Unreal Projects/AAA/Content/AnimalVarietyPack/Wolf/Materials/M_WolfFurDark.uasset" 398
"../../../../Unreal Projects/AAA/Content/AnimalVarietyPack/Wolf/Textures/T_Wolf_BaseColorAlpha.uasset" 399
"../../../../Unreal Projects/AAA/Content/AnimalVarietyPack/Wolf/Materials/M_Wolf.uasset" 400
"../../../../Unreal Projects/AAA/Content/AnimalVarietyPack/Wolf/Materials/M_WolfFur.uasset" 401
"../../../../Unreal Projects/AAA/Content/AnimalVarietyPack/Wolf/Meshes/SK_Wolf_PhysicsAsset.uasset" 402
"../../../../Unreal Projects/AAA/Content/AnimalVarietyPack/Wolf/Meshes/SK_Wolf.uasset" 403
"../../../../Unreal Projects/AAA/Content/AnimalVarietyPack/Wolf/Maps/Overview.umap" 404
"../../../../Unreal Projects/AAA/Content/NeuroTestMap/Neuro_PC.uasset" 405
"../../../../Unreal Projects/AAA/Content/NeuroTestMap/NeuroGI.uasset" 406
"../../../../Unreal Projects/AAA/Content/ThirdPersonBP/Blueprints/NewBlueprint.uasset" 407
"../../../../Unreal Projects/AAA/Content/VirtualReality/Mannequin/Character/Mesh/MannequinHand_Right_Skeleton.uasset" 408
"../../../../Unreal Projects/AAA/Content/VirtualReality/Mannequin/Animations/MannequinHand_Right_CanGrab.uasset" 409
"../../../../Unreal Projects/AAA/Content/VirtualReality/Mannequin/Animations/MannequinHand_Right_Grab.uasset" 410
"../../../../Unreal Projects/AAA/Content/VirtualReality/Mannequin/Animations/MannequinHand_Right_Open.uasset" 411
"../../../../Unreal Projects/AAA/Content/VirtualReality/Mannequin/Animations/RightGrip_BS.uasset" 412
"../../../../Unreal Projects/AAA/Content/VirtualRealityBP/Blueprints/GripEnum.uasset" 413
"../../../../Unreal Projects/AAA/Content/VirtualReality/Mannequin/Animations/RightHand_AnimBP.uasset" 414
"../../../../Unreal Projects/AAA/Content/VirtualRealityBP/Blueprints/PickupActorInterface.uasset" 415
"../../../../Unreal Projects/AAA/Content/VirtualRealityBP/Blueprints/MotionControllerHaptics.uasset" 416
"../../../Engine/Content/Functions/Engine_MaterialFunctions01/Texturing/ScaleUVsByCenter.uasset" 417
"../../../Engine/Content/Functions/Engine_MaterialFunctions02/ScreenResolution.uasset" 418
"../../../Engine/Content/Functions/Engine_MaterialFunctions02/Texturing/ScreenAlignedUVs.uasset" 419
"../../../Engine/Content/Functions/Engine_MaterialFunctions02/Utility/DepthFromWorldPosition.uasset" 420
"../../../../Unreal Projects/AAA/Content/VirtualReality/Materials/MF_OccludedPixels.uasset" 421
"../../../../Unreal Projects/AAA/Content/VirtualReality/Materials/TeleportMCP.uasset" 422
"../../../Engine/Content/EngineMaterials/Good64x64TilingNoiseHighFreq.uasset" 423
"../../../../Unreal Projects/AAA/Content/VirtualReality/Materials/M_ArcEndpoint.uasset" 424
"../../../../Unreal Projects/AAA/Content/VirtualReality/Materials/M_SplineArcMat.uasset" 425
"../../../../Unreal Projects/AAA/Content/VirtualReality/Materials/M_TeleportPreviews.uasset" 426
"../../../../Unreal Projects/AAA/Content/VirtualReality/Materials/MI_ChaperoneOutline.uasset" 427
"../../../../Unreal Projects/AAA/Content/VirtualReality/Materials/MI_TeleportCylinderPreview.uasset" 428
"../../../Engine/Content/BasicShapes/Cylinder.uasset" 429
"../../../Engine/Content/BasicShapes/Sphere.uasset" 430
"../../../../Unreal Projects/AAA/Content/VirtualReality/Mannequin/Character/Textures/UE4_Mannequin__normals.uasset" 431
"../../../../Unreal Projects/AAA/Content/VirtualReality/Mannequin/Character/Textures/UE4_Mannequin_MAT_MASKA.uasset" 432
"../../../../Unreal Projects/AAA/Content/VirtualReality/Mannequin/Character/Materials/M_HandMat.uasset" 433
"../../../../Unreal Projects/AAA/Content/VirtualReality/Mannequin/Character/Mesh/MannequinHand_Right_PhysicsAsset.uasset" 434
"../../../../Unreal Projects/AAA/Content/VirtualReality/Mannequin/Character/Mesh/MannequinHand_Right.uasset" 435
"../../../../Unreal Projects/AAA/Content/VirtualReality/Meshes/1x1_cube.uasset" 436
"../../../../Unreal Projects/AAA/Content/VirtualReality/Meshes/BeaconDirection.uasset" 437
"../../../../Unreal Projects/AAA/Content/VirtualReality/Meshes/BeamMesh.uasset" 438
"../../../../Unreal Projects/AAA/Content/VirtualReality/Meshes/SM_FatCylinder.uasset" 439
"../../../../Unreal Projects/AAA/Content/VirtualRealityBP/Blueprints/BP_MotionController.uasset" 440
"../../../../Unreal Projects/AAA/Content/NeuroTestMap/Active_controller.uasset" 441
"../../../../Unreal Projects/AAA/Content/VirtualRealityBP/Blueprints/MotionControllerPawn.uasset" 442
"../../../../Unreal Projects/AAA/Content/NeuroTestMap/InteractWidget.uasset" 443
"../../../../Unreal Projects/AAA/Content/NeuroTestMap/InteractWidgetStart.uasset" 444
"../../../../Unreal Projects/AAA/Content/NeuroTestMap/Neuro_Actor_BP_Start.uasset" 445
"../../../../Unreal Projects/AAA/Content/NeuroTestMap/InteractWidgetResult.uasset" 446
"../../../../Unreal Projects/AAA/Content/NeuroTestMap/Neuro_Actor_BP_Result.uasset" 447
"../../../../Unreal Projects/AAA/Content/NeuroTestMap/NeuroStruct.uasset" 448
"../../../../Unreal Projects/AAA/Content/NeuroTestMap/NeuroData.uasset" 449
"../../../../Unreal Projects/AAA/Content/NeuroTestMap/Neuro_Actor_BP.uasset" 450
"../../../../Unreal Projects/AAA/Content/NeuroTestMap/MOvable/InteractWidgetResult_M.uasset" 451
"../../../../Unreal Projects/AAA/Content/NeuroTestMap/MOvable/Neuro_Actor_BP_Result_M.uasset" 452
"../../../../Unreal Projects/AAA/Content/NeuroTestMap/MOvable/InteractWidget_M.uasset" 453
"../../../../Unreal Projects/AAA/Content/NeuroTestMap/MOvable/Neuro_Actor_BP_M.uasset" 454
"../../../../Unreal Projects/AAA/Content/NeuroTestMap/MOvable/InteractWidgetStart_M.uasset" 455
"../../../../Unreal Projects/AAA/Content/NeuroTestMap/MOvable/Neuro_Actor_BP_Start_M.uasset" 456
"../../../../Unreal Projects/AAA/Content/NeuroTestMap/GameStateNeuro.uasset" 457
"../../../../Unreal Projects/AAA/Content/NeuroTestMap/Neuro_GM.uasset" 458
"../../../../Unreal Projects/AAA/Content/NeuroTestMap/NeuroTestMap.umap" 459
"../../../../Unreal Projects/AAA/Content/Mannequin/Animations/ThirdPerson_Jump.uasset" 460
"../../../../Unreal Projects/AAA/Content/Mannequin/Animations/ThirdPersonJump_Loop.uasset" 461
"../../../../Unreal Projects/AAA/Content/Mannequin/Animations/ThirdPersonJump_Start.uasset" 462
"../../../../Unreal Projects/AAA/Content/Mannequin/Animations/ThirdPersonIdle.uasset" 463
"../../../../Unreal Projects/AAA/Content/Mannequin/Animations/ThirdPersonRun.uasset" 464
"../../../../Unreal Projects/AAA/Content/Mannequin/Animations/ThirdPersonWalk.uasset" 465
"../../../../Unreal Projects/AAA/Content/Mannequin/Animations/ThirdPerson_IdleRun_2D.uasset" 466
"../../../../Unreal Projects/AAA/Content/Mannequin/Animations/ThirdPerson_AnimBP.uasset" 467
"../../../../Unreal Projects/AAA/Content/Stand_To_Roll__2_1.uasset" 468
"../../../../Unreal Projects/AAA/Content/Stand_To_Roll__2_1_Montage.uasset" 469
"../../../Engine/Content/EditorBlueprintResources/ActorMacros.uasset" 470
"../../../../Unreal Projects/AAA/Content/cHAT/W_ChatInput.uasset" 471
"../../../../Unreal Projects/AAA/Content/cHAT/W_ChatMessage.uasset" 472
"../../../../Unreal Projects/AAA/Content/cHAT/W_chat.uasset" 473
"../../../../Unreal Projects/AAA/Content/NewWidgetBlueprint.uasset" 474
"../../../Engine/Content/Functions/Engine_MaterialFunctions02/Utility/BlendAngleCorrectedNormals.uasset" 475
"../../../Engine/Content/Functions/MaterialLayerFunctions/MatLayerBlend_NormalBlend.uasset" 476
"../../../Engine/Content/Functions/MaterialLayerFunctions/MatLayerBlend_Simple.uasset" 477
"../../../../Unreal Projects/AAA/Content/Mannequin/Character/Materials/MaterialLayers/T_ML_Rubber_Blue_01_D.uasset" 478
"../../../../Unreal Projects/AAA/Content/Mannequin/Character/Materials/MaterialLayers/T_ML_Rubber_Blue_01_N.uasset" 479
"../../../../Unreal Projects/AAA/Content/Mannequin/Character/Materials/MaterialLayers/ML_GlossyBlack_Latex_UE4.uasset" 480
"../../../../Unreal Projects/AAA/Content/Mannequin/Character/Materials/MaterialLayers/ML_Plastic_Shiny_Beige.uasset" 481
"../../../../Unreal Projects/AAA/Content/Mannequin/Character/Textures/UE4_LOGO_CARD.uasset" 482
"../../../../Unreal Projects/AAA/Content/Mannequin/Character/Materials/MaterialLayers/ML_Plastic_Shiny_Beige_LOGO.uasset" 483
"../../../../Unreal Projects/AAA/Content/Mannequin/Character/Materials/MaterialLayers/T_ML_Aluminum01.uasset" 484
"../../../../Unreal Projects/AAA/Content/Mannequin/Character/Materials/MaterialLayers/T_ML_Aluminum01_N.uasset" 485
"../../../../Unreal Projects/AAA/Content/Mannequin/Character/Materials/MaterialLayers/ML_SoftMetal_UE4.uasset" 486
"../../../../Unreal Projects/AAA/Content/Mannequin/Character/Textures/UE4_Mannequin__normals.uasset" 487
"../../../../Unreal Projects/AAA/Content/Mannequin/Character/Textures/UE4_Mannequin_MAT_MASKA.uasset" 488
"../../../../Unreal Projects/AAA/Content/Mannequin/Character/Materials/M_UE4Man_Body.uasset" 489
"../../../../Unreal Projects/AAA/Content/Mannequin/Character/Textures/UE4Man_Logo_N.uasset" 490
"../../../../Unreal Projects/AAA/Content/Mannequin/Character/Materials/M_UE4Man_ChestLogo.uasset" 491
"../../../../Unreal Projects/AAA/Content/Mannequin/Character/Mesh/SK_Mannequin_PhysicsAsset.uasset" 492
"../../../../Unreal Projects/AAA/Content/Mannequin/Character/Mesh/SK_Mannequin.uasset" 493
"../../../../Unreal Projects/AAA/Content/ThirdPersonBP/Blueprints/ThirdPersonCharacter.uasset" 494
"../../../../Unreal Projects/AAA/Content/ThirdPersonBP/Blueprints/ThirdPersonGameMode.uasset" 495
"../../../../Unreal Projects/AAA/Content/ThirdPersonBP/Maps/ThirdPersonExampleMap_BuiltData.uasset" 496
"../../../../Unreal Projects/AAA/Content/Geometry/Meshes/CubeMaterial.uasset" 497
"../../../../Unreal Projects/AAA/Content/Geometry/Meshes/1M_Cube.uasset" 498
"../../../../Unreal Projects/AAA/Content/Geometry/Meshes/1M_Cube_Chamfer.uasset" 499
"../../../../Unreal Projects/AAA/Content/Geometry/Meshes/TemplateFloor.uasset" 500
"../../../../Unreal Projects/AAA/Content/ThirdPerson/Meshes/RampMaterial.uasset" 501
"../../../../Unreal Projects/AAA/Content/ThirdPerson/Meshes/Bump_StaticMesh.uasset" 502
"../../../../Unreal Projects/AAA/Content/ThirdPerson/Meshes/LeftArm_StaticMesh.uasset" 503
"../../../../Unreal Projects/AAA/Content/ThirdPerson/Meshes/Linear_Stair_StaticMesh.uasset" 504
"../../../../Unreal Projects/AAA/Content/ThirdPerson/Meshes/Ramp_StaticMesh.uasset" 505
"../../../../Unreal Projects/AAA/Content/ThirdPerson/Meshes/RightArm_StaticMesh.uasset" 506
"../../../../Unreal Projects/AAA/Content/ThirdPersonBP/Maps/ThirdPersonExampleMap.umap" 507
"../../../../Unreal Projects/AAA/Content/VirtualRealityBP/Blueprints/HMDLocomotionPawn.uasset" 508
"../../../../Unreal Projects/AAA/Content/VirtualRealityBP/Maps/HMDLocomotionMap_BuiltData.uasset" 509
"../../../../Unreal Projects/AAA/Content/VirtualReality/Materials/M_BaseMaterial.uasset" 510
"../../../../Unreal Projects/AAA/Content/VirtualReality/Materials/MI_BaseMaterial2.uasset" 511
"../../../../Unreal Projects/AAA/Content/VirtualReality/Materials/MI_BaseMaterial3.uasset" 512
"../../../../Unreal Projects/AAA/Content/VirtualRealityBP/Maps/HMDLocomotionMap.umap" 513
"../../../../Unreal Projects/AAA/Content/VirtualReality/Materials/MI_SmallCubes.uasset" 514
"../../../../Unreal Projects/AAA/Content/VirtualRealityBP/Blueprints/BP_PickupCube.uasset" 515
"../../../../Unreal Projects/AAA/Content/VirtualRealityBP/Maps/MotionControllerMap_BuiltData.uasset" 516
"../../../../Unreal Projects/AAA/Content/VirtualRealityBP/Maps/MotionControllerMap.umap" 517
"../../../../Unreal Projects/AAA/Content/VirtualRealityBP/Maps/StartupMap_BuiltData.uasset" 518
"../../../../Unreal Projects/AAA/Content/VirtualReality/Materials/GenericHMDMaterial.uasset" 519
"../../../Engine/Content/MapTemplates/Sky/DaylightAmbientCubemap.uasset" 520
"../../../../Unreal Projects/AAA/Content/VirtualReality/Meshes/GenericHMD.uasset" 521
"../../../../Unreal Projects/AAA/Content/VirtualRealityBP/Maps/StartupMap.umap" 522
"../../../Engine/Content/Maps/Entry_BuiltData.uasset" 523
"../../../Engine/Content/Maps/Entry.umap" 524
